mode: atomic
github.com/milosgajdos/kraph/utils.go:5.49,6.26 1 2
github.com/milosgajdos/kraph/utils.go:11.2,11.14 1 1
github.com/milosgajdos/kraph/utils.go:6.26,7.16 1 3
github.com/milosgajdos/kraph/utils.go:7.16,9.4 1 1
github.com/milosgajdos/kraph/utils.go:14.41,16.2 1 0
github.com/milosgajdos/kraph/api.go:17.36,20.24 2 0
github.com/milosgajdos/kraph/api.go:23.2,27.32 4 0
github.com/milosgajdos/kraph/api.go:35.2,35.14 1 0
github.com/milosgajdos/kraph/api.go:20.24,22.3 1 0
github.com/milosgajdos/kraph/api.go:27.32,33.3 1 0
github.com/milosgajdos/kraph/api.go:45.38,48.32 2 1
github.com/milosgajdos/kraph/api.go:52.2,52.18 1 1
github.com/milosgajdos/kraph/api.go:48.32,50.3 1 0
github.com/milosgajdos/kraph/api.go:56.46,59.26 2 0
github.com/milosgajdos/kraph/api.go:64.2,64.49 1 0
github.com/milosgajdos/kraph/api.go:72.2,72.18 1 0
github.com/milosgajdos/kraph/api.go:59.26,62.3 2 0
github.com/milosgajdos/kraph/api.go:64.49,67.34 2 0
github.com/milosgajdos/kraph/api.go:67.34,69.4 1 0
github.com/milosgajdos/kraph/attributes.go:19.40,20.27 1 17
github.com/milosgajdos/kraph/attributes.go:26.2,26.11 1 5
github.com/milosgajdos/kraph/attributes.go:20.27,21.25 1 16
github.com/milosgajdos/kraph/attributes.go:21.25,23.4 1 12
github.com/milosgajdos/kraph/attributes.go:31.61,32.28 1 14
github.com/milosgajdos/kraph/attributes.go:39.2,41.12 2 13
github.com/milosgajdos/kraph/attributes.go:32.28,33.29 1 1
github.com/milosgajdos/kraph/attributes.go:33.29,36.4 2 1
github.com/milosgajdos/kraph/attributes.go:45.50,47.2 1 10
github.com/milosgajdos/kraph/attributes.go:50.48,52.2 1 1
github.com/milosgajdos/kraph/edge.go:14.34,16.2 1 15
github.com/milosgajdos/kraph/edge.go:19.32,21.2 1 13
github.com/milosgajdos/kraph/edge.go:24.42,28.2 2 0
github.com/milosgajdos/kraph/edge.go:31.33,33.2 1 0
github.com/milosgajdos/kraph/kraph.go:46.92,53.2 1 4
github.com/milosgajdos/kraph/kraph.go:56.78,63.29 2 12
github.com/milosgajdos/kraph/kraph.go:67.2,67.10 1 12
github.com/milosgajdos/kraph/kraph.go:63.29,65.3 1 10
github.com/milosgajdos/kraph/kraph.go:73.102,74.47 1 3
github.com/milosgajdos/kraph/kraph.go:78.2,84.29 2 3
github.com/milosgajdos/kraph/kraph.go:88.2,90.10 2 3
github.com/milosgajdos/kraph/kraph.go:74.47,76.3 1 0
github.com/milosgajdos/kraph/kraph.go:84.29,86.3 1 2
github.com/milosgajdos/kraph/kraph.go:94.32,96.2 1 1
github.com/milosgajdos/kraph/kraph.go:99.74,101.2 1 2
github.com/milosgajdos/kraph/kraph.go:104.39,106.16 2 1
github.com/milosgajdos/kraph/kraph.go:110.2,110.23 1 1
github.com/milosgajdos/kraph/kraph.go:106.16,108.3 1 0
github.com/milosgajdos/kraph/kraph.go:115.68,117.16 2 1
github.com/milosgajdos/kraph/kraph.go:121.2,121.42 1 1
github.com/milosgajdos/kraph/kraph.go:117.16,119.3 1 0
github.com/milosgajdos/kraph/kraph.go:127.76,130.20 2 3
github.com/milosgajdos/kraph/kraph.go:134.2,135.48 2 2
github.com/milosgajdos/kraph/kraph.go:154.2,154.19 1 2
github.com/milosgajdos/kraph/kraph.go:130.20,132.3 1 1
github.com/milosgajdos/kraph/kraph.go:135.48,137.40 2 10
github.com/milosgajdos/kraph/kraph.go:148.3,148.12 1 10
github.com/milosgajdos/kraph/kraph.go:137.40,139.22 1 6
github.com/milosgajdos/kraph/kraph.go:140.13,141.17 1 3
github.com/milosgajdos/kraph/kraph.go:142.13,143.17 1 0
github.com/milosgajdos/kraph/kraph.go:144.12,144.12 0 3
github.com/milosgajdos/kraph/kraph.go:148.12,151.4 2 3
github.com/milosgajdos/kraph/kraph.go:160.76,163.20 2 3
github.com/milosgajdos/kraph/kraph.go:167.2,168.48 2 2
github.com/milosgajdos/kraph/kraph.go:187.2,187.19 1 2
github.com/milosgajdos/kraph/kraph.go:163.20,165.3 1 1
github.com/milosgajdos/kraph/kraph.go:168.48,170.40 2 4
github.com/milosgajdos/kraph/kraph.go:181.3,181.12 1 4
github.com/milosgajdos/kraph/kraph.go:170.40,172.22 1 4
github.com/milosgajdos/kraph/kraph.go:173.13,174.17 1 2
github.com/milosgajdos/kraph/kraph.go:175.13,176.17 1 0
github.com/milosgajdos/kraph/kraph.go:177.12,177.12 0 2
github.com/milosgajdos/kraph/kraph.go:181.12,184.4 2 2
github.com/milosgajdos/kraph/kraph.go:192.64,194.16 2 1
github.com/milosgajdos/kraph/kraph.go:198.2,202.44 2 1
github.com/milosgajdos/kraph/kraph.go:225.2,225.17 1 1
github.com/milosgajdos/kraph/kraph.go:194.16,196.3 1 0
github.com/milosgajdos/kraph/kraph.go:202.44,204.17 2 0
github.com/milosgajdos/kraph/kraph.go:208.3,208.55 1 0
github.com/milosgajdos/kraph/kraph.go:204.17,206.4 1 0
github.com/milosgajdos/kraph/kraph.go:208.55,209.44 1 0
github.com/milosgajdos/kraph/kraph.go:213.4,219.42 3 0
github.com/milosgajdos/kraph/kraph.go:209.44,210.13 1 0
github.com/milosgajdos/kraph/kraph.go:219.42,221.5 1 0
github.com/milosgajdos/kraph/kraph.go:237.76,244.43 4 1
github.com/milosgajdos/kraph/kraph.go:286.2,294.12 6 1
github.com/milosgajdos/kraph/kraph.go:244.43,246.42 1 0
github.com/milosgajdos/kraph/kraph.go:250.3,257.13 3 0
github.com/milosgajdos/kraph/kraph.go:264.3,265.23 2 0
github.com/milosgajdos/kraph/kraph.go:246.42,247.12 1 0
github.com/milosgajdos/kraph/kraph.go:258.11,259.24 1 0
github.com/milosgajdos/kraph/kraph.go:260.11,261.38 1 0
github.com/milosgajdos/kraph/kraph.go:265.23,268.8 3 0
github.com/milosgajdos/kraph/kraph.go:268.8,273.12 2 0
github.com/milosgajdos/kraph/kraph.go:278.5,279.19 2 0
github.com/milosgajdos/kraph/kraph.go:274.72,274.72 0 0
github.com/milosgajdos/kraph/kraph.go:275.21,276.12 1 0
github.com/milosgajdos/kraph/kraph.go:279.19,280.11 1 0
github.com/milosgajdos/kraph/kraph.go:298.62,304.2 2 0
github.com/milosgajdos/kraph/kraph.go:307.91,308.31 1 0
github.com/milosgajdos/kraph/kraph.go:308.31,310.29 2 0
github.com/milosgajdos/kraph/kraph.go:313.3,313.53 1 0
github.com/milosgajdos/kraph/kraph.go:320.3,327.30 6 0
github.com/milosgajdos/kraph/kraph.go:310.29,312.4 1 0
github.com/milosgajdos/kraph/kraph.go:313.53,314.49 1 0
github.com/milosgajdos/kraph/kraph.go:317.4,317.12 1 0
github.com/milosgajdos/kraph/kraph.go:314.49,316.5 1 0
github.com/milosgajdos/kraph/kraph.go:332.77,334.40 1 0
github.com/milosgajdos/kraph/kraph.go:339.2,339.40 1 0
github.com/milosgajdos/kraph/kraph.go:347.2,347.49 1 0
github.com/milosgajdos/kraph/kraph.go:334.40,336.3 1 0
github.com/milosgajdos/kraph/kraph.go:339.40,345.3 2 0
github.com/milosgajdos/kraph/kraph.go:351.61,353.28 2 0
github.com/milosgajdos/kraph/kraph.go:359.2,360.15 2 0
github.com/milosgajdos/kraph/kraph.go:363.2,363.42 1 0
github.com/milosgajdos/kraph/kraph.go:368.2,375.37 6 0
github.com/milosgajdos/kraph/kraph.go:353.28,355.3 1 0
github.com/milosgajdos/kraph/kraph.go:360.15,362.3 1 0
github.com/milosgajdos/kraph/kraph.go:363.42,366.3 2 0
github.com/milosgajdos/kraph/kraph.go:380.101,382.30 2 1
github.com/milosgajdos/kraph/kraph.go:394.2,394.16 1 1
github.com/milosgajdos/kraph/kraph.go:382.30,383.24 1 0
github.com/milosgajdos/kraph/kraph.go:389.3,389.37 1 0
github.com/milosgajdos/kraph/kraph.go:383.24,386.9 3 0
github.com/milosgajdos/kraph/kraph.go:389.37,391.4 1 0
github.com/milosgajdos/kraph/node.go:14.27,16.2 1 77
github.com/milosgajdos/kraph/node.go:19.31,21.2 1 6
github.com/milosgajdos/kraph/node.go:24.36,26.2 1 1
